<?xml version="1.0" encoding="utf-8"?><testsuites name="pytest tests"><testsuite name="pytest" errors="0" failures="1" skipped="0" tests="37" time="4.087" timestamp="2026-04-17T05:59:24.989605+00:00" hostname="agent-env-3fb8f41a-5936-4391-a030-048a71e7e4f6"><testcase classname="backend.tests.test_ticketing_api.TestHealthAndAuth" name="test_health_endpoint" time="0.232" /><testcase classname="backend.tests.test_ticketing_api.TestHealthAndAuth" name="test_auth_me_admin" time="0.061" /><testcase classname="backend.tests.test_ticketing_api.TestHealthAndAuth" name="test_auth_me_without_token" time="0.139" /><testcase classname="backend.tests.test_ticketing_api.TestDepartments" name="test_list_departments" time="0.059" /><testcase classname="backend.tests.test_ticketing_api.TestDepartments" name="test_create_department_admin" time="0.055" /><testcase classname="backend.tests.test_ticketing_api.TestDepartments" name="test_create_duplicate_department" time="0.052" /><testcase classname="backend.tests.test_ticketing_api.TestDepartments" name="test_update_department_admin" time="0.053" /><testcase classname="backend.tests.test_ticketing_api.TestDepartments" name="test_delete_department_admin" time="0.051" /><testcase classname="backend.tests.test_ticketing_api.TestDepartmentsRBAC" name="test_employee_can_list_departments" time="0.445" /><testcase classname="backend.tests.test_ticketing_api.TestDepartmentsRBAC" name="test_employee_cannot_create_department" time="0.048" /><testcase classname="backend.tests.test_ticketing_api.TestDepartmentsRBAC" name="test_employee_cannot_delete_department" time="0.122" /><testcase classname="backend.tests.test_ticketing_api.TestTicketsCRUD" name="test_create_ticket_admin" time="0.055" /><testcase classname="backend.tests.test_ticketing_api.TestTicketsCRUD" name="test_list_tickets_admin" time="0.051" /><testcase classname="backend.tests.test_ticketing_api.TestTicketsCRUD" name="test_get_ticket_by_id" time="0.053" /><testcase classname="backend.tests.test_ticketing_api.TestTicketsCRUD" name="test_update_ticket_admin" time="0.051" /><testcase classname="backend.tests.test_ticketing_api.TestTicketsCRUD" name="test_ticket_filters" time="0.208" /><testcase classname="backend.tests.test_ticketing_api.TestTicketAssignment" name="test_assign_ticket" time="0.104" /><testcase classname="backend.tests.test_ticketing_api.TestTicketAssignment" name="test_change_ticket_status" time="0.051" /><testcase classname="backend.tests.test_ticketing_api.TestTicketAssignment" name="test_escalate_ticket" time="0.055" /><testcase classname="backend.tests.test_ticketing_api.TestTicketsRBAC" name="test_employee_create_ticket" time="0.049" /><testcase classname="backend.tests.test_ticketing_api.TestTicketsRBAC" name="test_employee_sees_only_own_tickets" time="0.103" /><testcase classname="backend.tests.test_ticketing_api.TestTicketsRBAC" name="test_employee_cannot_assign_ticket" time="0.099" /><testcase classname="backend.tests.test_ticketing_api.TestTicketsRBAC" name="test_employee_cannot_escalate" time="0.095" /><testcase classname="backend.tests.test_ticketing_api.TestComments" name="test_add_comment" time="0.070" /><testcase classname="backend.tests.test_ticketing_api.TestComments" name="test_add_internal_comment_admin" time="0.052" /><testcase classname="backend.tests.test_ticketing_api.TestComments" name="test_list_comments" time="0.049" /><testcase classname="backend.tests.test_ticketing_api.TestComments" name="test_employee_cannot_see_internal_comments" time="0.164" /><testcase classname="backend.tests.test_ticketing_api.TestEmployees" name="test_list_employees_admin" time="0.052" /><testcase classname="backend.tests.test_ticketing_api.TestEmployees" name="test_employee_cannot_list_employees" time="0.046" /><testcase classname="backend.tests.test_ticketing_api.TestEmployees" name="test_assignable_employees" time="0.049" /><testcase classname="backend.tests.test_ticketing_api.TestEmployees" name="test_update_employee_role" time="0.055" /><testcase classname="backend.tests.test_ticketing_api.TestDashboard" name="test_dashboard_stats_admin" time="0.068" /><testcase classname="backend.tests.test_ticketing_api.TestDashboard" name="test_dashboard_stats_employee_scoped" time="0.059" /><testcase classname="backend.tests.test_ticketing_api.TestAttachments" name="test_upload_attachment" time="0.349" /><testcase classname="backend.tests.test_ticketing_api.TestAttachments" name="test_list_attachments" time="0.051" /><testcase classname="backend.tests.test_ticketing_api.TestAttachments" name="test_download_attachment" time="0.100"><failure message="assert 401 == 200&#10; +  where 401 = &lt;Response [401]&gt;.status_code">backend/tests/test_ticketing_api.py:597: in test_download_attachment
    assert response.status_code == 200
E   assert 401 == 200
E    +  where 401 = &lt;Response [401]&gt;.status_code</failure></testcase><testcase classname="backend.tests.test_ticketing_api.TestCleanup" name="test_cleanup_tickets" time="0.494" /></testsuite></testsuites>